<?xml version="1.0" encoding="UTF-8"?>
<!-- Generated by org.testng.reporters.JUnitReportReporter -->
<testsuite hostname="LAPTOP-6TOAD4PC" failures="0" tests="1" name="com.qa.pages.AddingNewClass" time="0.011" errors="0" timestamp="2021-09-20T20:29:35 IST" skipped="0">
  <testcase classname="com.qa.pages.AddingNewClass" name="newclass" time="0.011"/>
  <system-out/>
</testsuite> <!-- com.qa.pages.AddingNewClass -->
